-- Install configuration: ""
-- Up-to-date: /home/jerry/sim_ws/install/urdf_example/share/urdf_example/description
-- Installing: /home/jerry/sim_ws/install/urdf_example/share/urdf_example/description/bipednav_robot.urdf.xacro
-- Installing: /home/jerry/sim_ws/install/urdf_example/share/urdf_example/description/bipednav_include.xacro
-- Up-to-date: /home/jerry/sim_ws/install/urdf_example/share/urdf_example/description/example_gazebo.xacro
-- Up-to-date: /home/jerry/sim_ws/install/urdf_example/share/urdf_example/description/example_include.xacro
-- Installing: /home/jerry/sim_ws/install/urdf_example/share/urdf_example/description/bipednav_gazebo.xacro
-- Up-to-date: /home/jerry/sim_ws/install/urdf_example/share/urdf_example/description/example_robot.urdf.xacro
-- Up-to-date: /home/jerry/sim_ws/install/urdf_example/share/urdf_example/launch
-- Up-to-date: /home/jerry/sim_ws/install/urdf_example/share/urdf_example/launch/rsp_sim.launch.py
-- Up-to-date: /home/jerry/sim_ws/install/urdf_example/share/urdf_example/launch/bipednav.launch.py
-- Up-to-date: /home/jerry/sim_ws/install/urdf_example/share/urdf_example/launch/rsp.launch.py
-- Up-to-date: /home/jerry/sim_ws/install/urdf_example/share/urdf_example/launch/bipednav_sim.launch.py
-- Up-to-date: /home/jerry/sim_ws/install/urdf_example/share/urdf_example/worlds
-- Up-to-date: /home/jerry/sim_ws/install/urdf_example/share/urdf_example/worlds/room_with_stair
-- Up-to-date: /home/jerry/sim_ws/install/urdf_example/share/urdf_example/worlds/room_with_stair/model.config
-- Up-to-date: /home/jerry/sim_ws/install/urdf_example/share/urdf_example/worlds/room_with_stair/model.sdf
-- Up-to-date: /home/jerry/sim_ws/install/urdf_example/share/urdf_example/worlds/sim_world.world
-- Up-to-date: /home/jerry/sim_ws/install/urdf_example/share/urdf_example/worlds/test_world.world
-- Up-to-date: /home/jerry/sim_ws/install/urdf_example/share/ament_index/resource_index/package_run_dependencies/urdf_example
-- Up-to-date: /home/jerry/sim_ws/install/urdf_example/share/ament_index/resource_index/parent_prefix_path/urdf_example
-- Up-to-date: /home/jerry/sim_ws/install/urdf_example/share/urdf_example/environment/ament_prefix_path.sh
-- Up-to-date: /home/jerry/sim_ws/install/urdf_example/share/urdf_example/environment/ament_prefix_path.dsv
-- Up-to-date: /home/jerry/sim_ws/install/urdf_example/share/urdf_example/environment/path.sh
-- Up-to-date: /home/jerry/sim_ws/install/urdf_example/share/urdf_example/environment/path.dsv
-- Up-to-date: /home/jerry/sim_ws/install/urdf_example/share/urdf_example/local_setup.bash
-- Up-to-date: /home/jerry/sim_ws/install/urdf_example/share/urdf_example/local_setup.sh
-- Up-to-date: /home/jerry/sim_ws/install/urdf_example/share/urdf_example/local_setup.zsh
-- Up-to-date: /home/jerry/sim_ws/install/urdf_example/share/urdf_example/local_setup.dsv
-- Installing: /home/jerry/sim_ws/install/urdf_example/share/urdf_example/package.dsv
-- Up-to-date: /home/jerry/sim_ws/install/urdf_example/share/ament_index/resource_index/packages/urdf_example
-- Up-to-date: /home/jerry/sim_ws/install/urdf_example/share/urdf_example/cmake/urdf_exampleConfig.cmake
-- Up-to-date: /home/jerry/sim_ws/install/urdf_example/share/urdf_example/cmake/urdf_exampleConfig-version.cmake
-- Up-to-date: /home/jerry/sim_ws/install/urdf_example/share/urdf_example/package.xml
