[0.007s] Invoking command in '/home/jerry/sim_ws/build/urdf_example': CMAKE_PREFIX_PATH=${CMAKE_PREFIX_PATH}:/opt/ros/foxy CONDA_PROMPT_MODIFIER=(base) /usr/bin/cmake /home/jerry/sim_ws/src/urdf_example -DCMAKE_INSTALL_PREFIX=/home/jerry/sim_ws/install/urdf_example
[0.070s] -- The C compiler identification is GNU 9.4.0
[0.127s] -- The CXX compiler identification is GNU 9.4.0
[0.130s] -- Check for working C compiler: /usr/bin/cc
[0.192s] -- Check for working C compiler: /usr/bin/cc -- works
[0.193s] -- Detecting C compiler ABI info
[0.302s] -- Detecting C compiler ABI info - done
[0.316s] -- Detecting C compile features
[0.316s] -- Detecting C compile features - done
[0.319s] -- Check for working CXX compiler: /usr/bin/c++
[0.395s] -- Check for working CXX compiler: /usr/bin/c++ -- works
[0.395s] -- Detecting CXX compiler ABI info
[0.466s] -- Detecting CXX compiler ABI info - done
[0.473s] -- Detecting CXX compile features
[0.474s] -- Detecting CXX compile features - done
[0.476s] -- Found ament_cmake: 0.9.12 (/opt/ros/foxy/share/ament_cmake/cmake)
[0.495s] -- Found PythonInterp: /home/jerry/miniconda3/bin/python3 (found suitable version "3.12.3", minimum required is "3") 
[0.495s] -- Using PYTHON_EXECUTABLE: /home/jerry/miniconda3/bin/python3
[0.588s] -- Found ament_lint_auto: 0.9.8 (/opt/ros/foxy/share/ament_lint_auto/cmake)
[0.647s] -- Added test 'copyright' to check source files copyright and LICENSE
[0.651s] -- Added test 'flake8' to check Python code syntax and style conventions
[0.652s] -- Added test 'lint_cmake' to check CMake code style
[0.653s] -- Added test 'pep257' to check Python code against some of the style conventions in PEP 257
[0.655s] -- Added test 'xmllint' to check XML markup files
[0.656s] -- Configuring done
[0.656s] -- Generating done
[0.657s] -- Build files have been written to: /home/jerry/sim_ws/build/urdf_example
[0.660s] Invoked command in '/home/jerry/sim_ws/build/urdf_example' returned '0': CMAKE_PREFIX_PATH=${CMAKE_PREFIX_PATH}:/opt/ros/foxy CONDA_PROMPT_MODIFIER=(base) /usr/bin/cmake /home/jerry/sim_ws/src/urdf_example -DCMAKE_INSTALL_PREFIX=/home/jerry/sim_ws/install/urdf_example
[0.662s] Invoking command in '/home/jerry/sim_ws/build/urdf_example': CMAKE_PREFIX_PATH=${CMAKE_PREFIX_PATH}:/opt/ros/foxy CONDA_PROMPT_MODIFIER=(base) /usr/bin/cmake --build /home/jerry/sim_ws/build/urdf_example -- -j16 -l16
[0.684s] Invoked command in '/home/jerry/sim_ws/build/urdf_example' returned '0': CMAKE_PREFIX_PATH=${CMAKE_PREFIX_PATH}:/opt/ros/foxy CONDA_PROMPT_MODIFIER=(base) /usr/bin/cmake --build /home/jerry/sim_ws/build/urdf_example -- -j16 -l16
[0.710s] Invoking command in '/home/jerry/sim_ws/build/urdf_example': CMAKE_PREFIX_PATH=${CMAKE_PREFIX_PATH}:/opt/ros/foxy CONDA_PROMPT_MODIFIER=(base) /usr/bin/cmake --install /home/jerry/sim_ws/build/urdf_example
[0.717s] -- Install configuration: ""
[0.717s] -- Installing: /home/jerry/sim_ws/install/urdf_example/share/urdf_example/description
[0.717s] -- Installing: /home/jerry/sim_ws/install/urdf_example/share/urdf_example/description/example_gazebo.xacro
[0.717s] -- Installing: /home/jerry/sim_ws/install/urdf_example/share/urdf_example/description/example_include.xacro
[0.717s] -- Installing: /home/jerry/sim_ws/install/urdf_example/share/urdf_example/description/example_robot.urdf.xacro
[0.718s] -- Installing: /home/jerry/sim_ws/install/urdf_example/share/urdf_example/launch
[0.718s] -- Installing: /home/jerry/sim_ws/install/urdf_example/share/urdf_example/launch/rsp_sim.launch.py
[0.718s] -- Installing: /home/jerry/sim_ws/install/urdf_example/share/urdf_example/launch/rsp.launch.py
[0.718s] -- Installing: /home/jerry/sim_ws/install/urdf_example/share/urdf_example/worlds
[0.718s] -- Installing: /home/jerry/sim_ws/install/urdf_example/share/urdf_example/worlds/test_world.world
[0.718s] -- Installing: /home/jerry/sim_ws/install/urdf_example/share/ament_index/resource_index/package_run_dependencies/urdf_example
[0.718s] -- Installing: /home/jerry/sim_ws/install/urdf_example/share/ament_index/resource_index/parent_prefix_path/urdf_example
[0.718s] -- Installing: /home/jerry/sim_ws/install/urdf_example/share/urdf_example/environment/ament_prefix_path.sh
[0.718s] -- Installing: /home/jerry/sim_ws/install/urdf_example/share/urdf_example/environment/ament_prefix_path.dsv
[0.719s] -- Installing: /home/jerry/sim_ws/install/urdf_example/share/urdf_example/environment/path.sh
[0.719s] -- Installing: /home/jerry/sim_ws/install/urdf_example/share/urdf_example/environment/path.dsv
[0.719s] -- Installing: /home/jerry/sim_ws/install/urdf_example/share/urdf_example/local_setup.bash
[0.719s] -- Installing: /home/jerry/sim_ws/install/urdf_example/share/urdf_example/local_setup.sh
[0.719s] -- Installing: /home/jerry/sim_ws/install/urdf_example/share/urdf_example/local_setup.zsh
[0.719s] -- Installing: /home/jerry/sim_ws/install/urdf_example/share/urdf_example/local_setup.dsv
[0.719s] -- Installing: /home/jerry/sim_ws/install/urdf_example/share/urdf_example/package.dsv
[0.719s] -- Installing: /home/jerry/sim_ws/install/urdf_example/share/ament_index/resource_index/packages/urdf_example
[0.720s] -- Installing: /home/jerry/sim_ws/install/urdf_example/share/urdf_example/cmake/urdf_exampleConfig.cmake
[0.720s] -- Installing: /home/jerry/sim_ws/install/urdf_example/share/urdf_example/cmake/urdf_exampleConfig-version.cmake
[0.720s] -- Installing: /home/jerry/sim_ws/install/urdf_example/share/urdf_example/package.xml
[0.722s] Invoked command in '/home/jerry/sim_ws/build/urdf_example' returned '0': CMAKE_PREFIX_PATH=${CMAKE_PREFIX_PATH}:/opt/ros/foxy CONDA_PROMPT_MODIFIER=(base) /usr/bin/cmake --install /home/jerry/sim_ws/build/urdf_example
