[0.008s] Invoking command in '/home/jerry/sim_ws/build/urdf_example': CMAKE_PREFIX_PATH=${CMAKE_PREFIX_PATH}:/opt/ros/foxy /usr/bin/cmake --build /home/jerry/sim_ws/build/urdf_example -- -j16 -l16
[0.034s] Invoked command in '/home/jerry/sim_ws/build/urdf_example' returned '0': CMAKE_PREFIX_PATH=${CMAKE_PREFIX_PATH}:/opt/ros/foxy /usr/bin/cmake --build /home/jerry/sim_ws/build/urdf_example -- -j16 -l16
[0.067s] Invoking command in '/home/jerry/sim_ws/build/urdf_example': CMAKE_PREFIX_PATH=${CMAKE_PREFIX_PATH}:/opt/ros/foxy /usr/bin/cmake --install /home/jerry/sim_ws/build/urdf_example
[0.078s] -- Install configuration: ""
[0.078s] -- Up-to-date: /home/jerry/sim_ws/install/urdf_example/share/urdf_example/description
[0.078s] -- Up-to-date: /home/jerry/sim_ws/install/urdf_example/share/urdf_example/description/bipednav_robot.urdf.xacro
[0.078s] -- Up-to-date: /home/jerry/sim_ws/install/urdf_example/share/urdf_example/description/bipednav_include.xacro
[0.078s] -- Up-to-date: /home/jerry/sim_ws/install/urdf_example/share/urdf_example/description/example_gazebo.xacro
[0.078s] -- Up-to-date: /home/jerry/sim_ws/install/urdf_example/share/urdf_example/description/example_include.xacro
[0.079s] -- Installing: /home/jerry/sim_ws/install/urdf_example/share/urdf_example/description/bipednav_gazebo.xacro
[0.079s] -- Up-to-date: /home/jerry/sim_ws/install/urdf_example/share/urdf_example/description/example_robot.urdf.xacro
[0.079s] -- Up-to-date: /home/jerry/sim_ws/install/urdf_example/share/urdf_example/launch
[0.079s] -- Up-to-date: /home/jerry/sim_ws/install/urdf_example/share/urdf_example/launch/rsp_sim.launch.py
[0.079s] -- Up-to-date: /home/jerry/sim_ws/install/urdf_example/share/urdf_example/launch/bipednav.launch.py
[0.079s] -- Up-to-date: /home/jerry/sim_ws/install/urdf_example/share/urdf_example/launch/rsp.launch.py
[0.079s] -- Up-to-date: /home/jerry/sim_ws/install/urdf_example/share/urdf_example/launch/bipednav_sim.launch.py
[0.079s] -- Up-to-date: /home/jerry/sim_ws/install/urdf_example/share/urdf_example/worlds
[0.079s] -- Up-to-date: /home/jerry/sim_ws/install/urdf_example/share/urdf_example/worlds/room_with_stair
[0.079s] -- Up-to-date: /home/jerry/sim_ws/install/urdf_example/share/urdf_example/worlds/room_with_stair/model.config
[0.079s] -- Up-to-date: /home/jerry/sim_ws/install/urdf_example/share/urdf_example/worlds/room_with_stair/model.sdf
[0.079s] -- Up-to-date: /home/jerry/sim_ws/install/urdf_example/share/urdf_example/worlds/sim_world.world
[0.080s] -- Up-to-date: /home/jerry/sim_ws/install/urdf_example/share/urdf_example/worlds/test_world.world
[0.080s] -- Up-to-date: /home/jerry/sim_ws/install/urdf_example/share/ament_index/resource_index/package_run_dependencies/urdf_example
[0.080s] -- Up-to-date: /home/jerry/sim_ws/install/urdf_example/share/ament_index/resource_index/parent_prefix_path/urdf_example
[0.080s] -- Up-to-date: /home/jerry/sim_ws/install/urdf_example/share/urdf_example/environment/ament_prefix_path.sh
[0.080s] -- Up-to-date: /home/jerry/sim_ws/install/urdf_example/share/urdf_example/environment/ament_prefix_path.dsv
[0.080s] -- Up-to-date: /home/jerry/sim_ws/install/urdf_example/share/urdf_example/environment/path.sh
[0.080s] -- Up-to-date: /home/jerry/sim_ws/install/urdf_example/share/urdf_example/environment/path.dsv
[0.080s] -- Up-to-date: /home/jerry/sim_ws/install/urdf_example/share/urdf_example/local_setup.bash
[0.080s] -- Up-to-date: /home/jerry/sim_ws/install/urdf_example/share/urdf_example/local_setup.sh
[0.081s] -- Up-to-date: /home/jerry/sim_ws/install/urdf_example/share/urdf_example/local_setup.zsh
[0.081s] -- Up-to-date: /home/jerry/sim_ws/install/urdf_example/share/urdf_example/local_setup.dsv
[0.081s] -- Installing: /home/jerry/sim_ws/install/urdf_example/share/urdf_example/package.dsv
[0.081s] -- Up-to-date: /home/jerry/sim_ws/install/urdf_example/share/ament_index/resource_index/packages/urdf_example
[0.081s] -- Up-to-date: /home/jerry/sim_ws/install/urdf_example/share/urdf_example/cmake/urdf_exampleConfig.cmake
[0.081s] -- Up-to-date: /home/jerry/sim_ws/install/urdf_example/share/urdf_example/cmake/urdf_exampleConfig-version.cmake
[0.081s] -- Up-to-date: /home/jerry/sim_ws/install/urdf_example/share/urdf_example/package.xml
[0.082s] Invoked command in '/home/jerry/sim_ws/build/urdf_example' returned '0': CMAKE_PREFIX_PATH=${CMAKE_PREFIX_PATH}:/opt/ros/foxy /usr/bin/cmake --install /home/jerry/sim_ws/build/urdf_example
