[0.121s] DEBUG:colcon:Command line arguments: ['/usr/bin/colcon', 'build']
[0.121s] DEBUG:colcon:Parsed command line arguments: Namespace(allow_overriding=[], ament_cmake_args=None, base_paths=['.'], build_base='build', catkin_cmake_args=None, catkin_skip_building_tests=False, cmake_args=None, cmake_clean_cache=False, cmake_clean_first=False, cmake_force_configure=False, cmake_target=None, cmake_target_skip_unavailable=False, continue_on_error=False, event_handlers=None, executor='parallel', ignore_user_meta=False, install_base='install', log_base=None, log_level=None, main=<bound method BuildVerb.main of <colcon_core.verb.build.BuildVerb object at 0x7f1d82f3a8e0>>, merge_install=False, metas=['./colcon.meta'], mixin=None, mixin_files=None, mixin_verb=('build',), packages_above=None, packages_above_and_dependencies=None, packages_above_depth=None, packages_end=None, packages_ignore=None, packages_ignore_regex=None, packages_select=None, packages_select_build_failed=False, packages_select_by_dep=None, packages_select_regex=None, packages_select_test_failures=False, packages_skip=None, packages_skip_build_finished=False, packages_skip_by_dep=None, packages_skip_regex=None, packages_skip_test_passed=False, packages_skip_up_to=None, packages_start=None, packages_up_to=None, packages_up_to_regex=None, parallel_workers=16, paths=None, symlink_install=False, test_result_base=None, verb_extension=<colcon_core.verb.build.BuildVerb object at 0x7f1d82f3a8e0>, verb_name='build', verb_parser=<colcon_mixin.mixin.mixin_argument.MixinArgumentDecorator object at 0x7f1d82e8b760>)
[0.214s] Level 1:colcon.colcon_core.package_discovery:discover_packages(colcon_meta) check parameters
[0.214s] Level 1:colcon.colcon_core.package_discovery:discover_packages(recursive) check parameters
[0.214s] Level 1:colcon.colcon_core.package_discovery:discover_packages(ignore) check parameters
[0.214s] Level 1:colcon.colcon_core.package_discovery:discover_packages(path) check parameters
[0.214s] Level 1:colcon.colcon_core.package_discovery:discover_packages(colcon_meta) discover
[0.214s] Level 1:colcon.colcon_core.package_discovery:discover_packages(recursive) discover
[0.214s] INFO:colcon.colcon_core.package_discovery:Crawling recursively for packages in '/home/jerry/sim_ws'
[0.214s] Level 1:colcon.colcon_core.package_identification:_identify(.) by extensions ['ignore', 'ignore_ament_install']
[0.214s] Level 1:colcon.colcon_core.package_identification:_identify(.) by extension 'ignore'
[0.214s] Level 1:colcon.colcon_core.package_identification:_identify(.) by extension 'ignore_ament_install'
[0.215s] Level 1:colcon.colcon_core.package_identification:_identify(.) by extensions ['colcon_pkg']
[0.215s] Level 1:colcon.colcon_core.package_identification:_identify(.) by extension 'colcon_pkg'
[0.215s] Level 1:colcon.colcon_core.package_identification:_identify(.) by extensions ['colcon_meta']
[0.215s] Level 1:colcon.colcon_core.package_identification:_identify(.) by extension 'colcon_meta'
[0.215s] Level 1:colcon.colcon_core.package_identification:_identify(.) by extensions ['ros']
[0.215s] Level 1:colcon.colcon_core.package_identification:_identify(.) by extension 'ros'
[0.221s] Level 1:colcon.colcon_core.package_identification:_identify(.) by extensions ['cmake', 'python']
[0.221s] Level 1:colcon.colcon_core.package_identification:_identify(.) by extension 'cmake'
[0.221s] Level 1:colcon.colcon_core.package_identification:_identify(.) by extension 'python'
[0.221s] Level 1:colcon.colcon_core.package_identification:_identify(.) by extensions ['python_setup_py']
[0.221s] Level 1:colcon.colcon_core.package_identification:_identify(.) by extension 'python_setup_py'
[0.222s] Level 1:colcon.colcon_core.package_identification:_identify(build) by extensions ['ignore', 'ignore_ament_install']
[0.222s] Level 1:colcon.colcon_core.package_identification:_identify(build) by extension 'ignore'
[0.222s] Level 1:colcon.colcon_core.package_identification:_identify(build) ignored
[0.222s] Level 1:colcon.colcon_core.package_identification:_identify(install) by extensions ['ignore', 'ignore_ament_install']
[0.222s] Level 1:colcon.colcon_core.package_identification:_identify(install) by extension 'ignore'
[0.222s] Level 1:colcon.colcon_core.package_identification:_identify(install) ignored
[0.222s] Level 1:colcon.colcon_core.package_identification:_identify(log) by extensions ['ignore', 'ignore_ament_install']
[0.222s] Level 1:colcon.colcon_core.package_identification:_identify(log) by extension 'ignore'
[0.222s] Level 1:colcon.colcon_core.package_identification:_identify(log) ignored
[0.222s] Level 1:colcon.colcon_core.package_identification:_identify(src) by extensions ['ignore', 'ignore_ament_install']
[0.222s] Level 1:colcon.colcon_core.package_identification:_identify(src) by extension 'ignore'
[0.222s] Level 1:colcon.colcon_core.package_identification:_identify(src) by extension 'ignore_ament_install'
[0.222s] Level 1:colcon.colcon_core.package_identification:_identify(src) by extensions ['colcon_pkg']
[0.222s] Level 1:colcon.colcon_core.package_identification:_identify(src) by extension 'colcon_pkg'
[0.222s] Level 1:colcon.colcon_core.package_identification:_identify(src) by extensions ['colcon_meta']
[0.222s] Level 1:colcon.colcon_core.package_identification:_identify(src) by extension 'colcon_meta'
[0.222s] Level 1:colcon.colcon_core.package_identification:_identify(src) by extensions ['ros']
[0.222s] Level 1:colcon.colcon_core.package_identification:_identify(src) by extension 'ros'
[0.222s] Level 1:colcon.colcon_core.package_identification:_identify(src) by extensions ['cmake', 'python']
[0.222s] Level 1:colcon.colcon_core.package_identification:_identify(src) by extension 'cmake'
[0.222s] Level 1:colcon.colcon_core.package_identification:_identify(src) by extension 'python'
[0.222s] Level 1:colcon.colcon_core.package_identification:_identify(src) by extensions ['python_setup_py']
[0.222s] Level 1:colcon.colcon_core.package_identification:_identify(src) by extension 'python_setup_py'
[0.222s] Level 1:colcon.colcon_core.package_identification:_identify(src/urdf_example) by extensions ['ignore', 'ignore_ament_install']
[0.222s] Level 1:colcon.colcon_core.package_identification:_identify(src/urdf_example) by extension 'ignore'
[0.222s] Level 1:colcon.colcon_core.package_identification:_identify(src/urdf_example) by extension 'ignore_ament_install'
[0.222s] Level 1:colcon.colcon_core.package_identification:_identify(src/urdf_example) by extensions ['colcon_pkg']
[0.222s] Level 1:colcon.colcon_core.package_identification:_identify(src/urdf_example) by extension 'colcon_pkg'
[0.222s] Level 1:colcon.colcon_core.package_identification:_identify(src/urdf_example) by extensions ['colcon_meta']
[0.223s] Level 1:colcon.colcon_core.package_identification:_identify(src/urdf_example) by extension 'colcon_meta'
[0.223s] Level 1:colcon.colcon_core.package_identification:_identify(src/urdf_example) by extensions ['ros']
[0.223s] Level 1:colcon.colcon_core.package_identification:_identify(src/urdf_example) by extension 'ros'
[0.224s] DEBUG:colcon.colcon_core.package_identification:Package 'src/urdf_example' with type 'ros.ament_cmake' and name 'urdf_example'
[0.224s] Level 1:colcon.colcon_core.package_discovery:discover_packages(recursive) using defaults
[0.224s] Level 1:colcon.colcon_core.package_discovery:discover_packages(ignore) discover
[0.224s] Level 1:colcon.colcon_core.package_discovery:discover_packages(ignore) using defaults
[0.224s] Level 1:colcon.colcon_core.package_discovery:discover_packages(path) discover
[0.224s] Level 1:colcon.colcon_core.package_discovery:discover_packages(path) using defaults
[0.235s] Level 1:colcon.colcon_core.package_discovery:discover_packages(prefix_path) check parameters
[0.235s] Level 1:colcon.colcon_core.package_discovery:discover_packages(prefix_path) discover
[0.236s] WARNING:colcon.colcon_ros.prefix_path.catkin:The path '/opt/ros/noetic' in the environment variable CMAKE_PREFIX_PATH doesn't exist
[0.236s] DEBUG:colcon.colcon_installed_package_information.package_discovery:Found 1 installed packages in /home/jerry/sim_ws/install
[0.237s] DEBUG:colcon.colcon_installed_package_information.package_discovery:Found 263 installed packages in /opt/ros/foxy
[0.244s] Level 1:colcon.colcon_core.package_discovery:discover_packages(prefix_path) using defaults
[0.280s] Level 5:colcon.colcon_core.verb:set package 'urdf_example' build argument 'cmake_args' from command line to 'None'
[0.280s] Level 5:colcon.colcon_core.verb:set package 'urdf_example' build argument 'cmake_target' from command line to 'None'
[0.280s] Level 5:colcon.colcon_core.verb:set package 'urdf_example' build argument 'cmake_target_skip_unavailable' from command line to 'False'
[0.280s] Level 5:colcon.colcon_core.verb:set package 'urdf_example' build argument 'cmake_clean_cache' from command line to 'False'
[0.280s] Level 5:colcon.colcon_core.verb:set package 'urdf_example' build argument 'cmake_clean_first' from command line to 'False'
[0.280s] Level 5:colcon.colcon_core.verb:set package 'urdf_example' build argument 'cmake_force_configure' from command line to 'False'
[0.280s] Level 5:colcon.colcon_core.verb:set package 'urdf_example' build argument 'ament_cmake_args' from command line to 'None'
[0.280s] Level 5:colcon.colcon_core.verb:set package 'urdf_example' build argument 'catkin_cmake_args' from command line to 'None'
[0.280s] Level 5:colcon.colcon_core.verb:set package 'urdf_example' build argument 'catkin_skip_building_tests' from command line to 'False'
[0.280s] DEBUG:colcon.colcon_core.verb:Building package 'urdf_example' with the following arguments: {'ament_cmake_args': None, 'build_base': '/home/jerry/sim_ws/build/urdf_example', 'catkin_cmake_args': None, 'catkin_skip_building_tests': False, 'cmake_args': None, 'cmake_clean_cache': False, 'cmake_clean_first': False, 'cmake_force_configure': False, 'cmake_target': None, 'cmake_target_skip_unavailable': False, 'install_base': '/home/jerry/sim_ws/install/urdf_example', 'merge_install': False, 'path': '/home/jerry/sim_ws/src/urdf_example', 'symlink_install': False, 'test_result_base': None}
[0.280s] INFO:colcon.colcon_core.executor:Executing jobs using 'parallel' executor
[0.281s] DEBUG:colcon.colcon_parallel_executor.executor.parallel:run_until_complete
[0.281s] INFO:colcon.colcon_ros.task.ament_cmake.build:Building ROS package in '/home/jerry/sim_ws/src/urdf_example' with build type 'ament_cmake'
[0.281s] INFO:colcon.colcon_cmake.task.cmake.build:Building CMake package in '/home/jerry/sim_ws/src/urdf_example'
[0.282s] INFO:colcon.colcon_core.plugin_system:Skipping extension 'colcon_core.shell.bat': Not used on non-Windows systems
[0.282s] INFO:colcon.colcon_core.shell:Skip shell extension 'powershell' for command environment: Not usable outside of PowerShell
[0.282s] DEBUG:colcon.colcon_core.shell:Skip shell extension 'dsv' for command environment
[0.291s] DEBUG:colcon.colcon_core.event_handler.log_command:Invoking command in '/home/jerry/sim_ws/build/urdf_example': CMAKE_PREFIX_PATH=${CMAKE_PREFIX_PATH}:/opt/ros/foxy CONDA_PROMPT_MODIFIER=(base) /usr/bin/cmake --build /home/jerry/sim_ws/build/urdf_example -- -j16 -l16
[0.317s] DEBUG:colcon.colcon_core.event_handler.log_command:Invoked command in '/home/jerry/sim_ws/build/urdf_example' returned '0': CMAKE_PREFIX_PATH=${CMAKE_PREFIX_PATH}:/opt/ros/foxy CONDA_PROMPT_MODIFIER=(base) /usr/bin/cmake --build /home/jerry/sim_ws/build/urdf_example -- -j16 -l16
[0.340s] DEBUG:colcon.colcon_core.event_handler.log_command:Invoking command in '/home/jerry/sim_ws/build/urdf_example': CMAKE_PREFIX_PATH=${CMAKE_PREFIX_PATH}:/opt/ros/foxy CONDA_PROMPT_MODIFIER=(base) /usr/bin/cmake --install /home/jerry/sim_ws/build/urdf_example
[0.348s] Level 1:colcon.colcon_core.environment:create_environment_scripts_only(urdf_example)
[0.348s] DEBUG:colcon.colcon_core.event_handler.log_command:Invoked command in '/home/jerry/sim_ws/build/urdf_example' returned '0': CMAKE_PREFIX_PATH=${CMAKE_PREFIX_PATH}:/opt/ros/foxy CONDA_PROMPT_MODIFIER=(base) /usr/bin/cmake --install /home/jerry/sim_ws/build/urdf_example
[0.350s] Level 1:colcon.colcon_core.environment:checking '/home/jerry/sim_ws/install/urdf_example' for CMake module files
[0.350s] Level 1:colcon.colcon_core.environment:checking '/home/jerry/sim_ws/install/urdf_example' for CMake config files
[0.350s] Level 1:colcon.colcon_core.shell:create_environment_hook('urdf_example', 'cmake_prefix_path')
[0.351s] INFO:colcon.colcon_core.shell:Creating environment hook '/home/jerry/sim_ws/install/urdf_example/share/urdf_example/hook/cmake_prefix_path.ps1'
[0.351s] INFO:colcon.colcon_core.shell:Creating environment descriptor '/home/jerry/sim_ws/install/urdf_example/share/urdf_example/hook/cmake_prefix_path.dsv'
[0.352s] INFO:colcon.colcon_core.shell:Creating environment hook '/home/jerry/sim_ws/install/urdf_example/share/urdf_example/hook/cmake_prefix_path.sh'
[0.352s] Level 1:colcon.colcon_core.environment:checking '/home/jerry/sim_ws/install/urdf_example/bin'
[0.352s] Level 1:colcon.colcon_core.environment:checking '/home/jerry/sim_ws/install/urdf_example/lib/pkgconfig/urdf_example.pc'
[0.352s] Level 1:colcon.colcon_core.environment:checking '/home/jerry/sim_ws/install/urdf_example/lib/python3.8/site-packages'
[0.353s] Level 1:colcon.colcon_core.environment:checking '/home/jerry/sim_ws/install/urdf_example/bin'
[0.353s] INFO:colcon.colcon_core.shell:Creating package script '/home/jerry/sim_ws/install/urdf_example/share/urdf_example/package.ps1'
[0.353s] INFO:colcon.colcon_core.shell:Creating package descriptor '/home/jerry/sim_ws/install/urdf_example/share/urdf_example/package.dsv'
[0.353s] INFO:colcon.colcon_core.shell:Creating package script '/home/jerry/sim_ws/install/urdf_example/share/urdf_example/package.sh'
[0.354s] INFO:colcon.colcon_core.shell:Creating package script '/home/jerry/sim_ws/install/urdf_example/share/urdf_example/package.bash'
[0.355s] INFO:colcon.colcon_core.shell:Creating package script '/home/jerry/sim_ws/install/urdf_example/share/urdf_example/package.zsh'
[0.355s] Level 1:colcon.colcon_core.environment:create_file_with_runtime_dependencies(/home/jerry/sim_ws/install/urdf_example/share/colcon-core/packages/urdf_example)
[0.370s] Level 1:colcon.colcon_core.environment:create_environment_scripts_only(urdf_example)
[0.370s] Level 1:colcon.colcon_core.environment:checking '/home/jerry/sim_ws/install/urdf_example' for CMake module files
[0.370s] Level 1:colcon.colcon_core.environment:checking '/home/jerry/sim_ws/install/urdf_example' for CMake config files
[0.370s] Level 1:colcon.colcon_core.shell:create_environment_hook('urdf_example', 'cmake_prefix_path')
[0.371s] INFO:colcon.colcon_core.shell:Creating environment hook '/home/jerry/sim_ws/install/urdf_example/share/urdf_example/hook/cmake_prefix_path.ps1'
[0.371s] INFO:colcon.colcon_core.shell:Creating environment descriptor '/home/jerry/sim_ws/install/urdf_example/share/urdf_example/hook/cmake_prefix_path.dsv'
[0.371s] INFO:colcon.colcon_core.shell:Creating environment hook '/home/jerry/sim_ws/install/urdf_example/share/urdf_example/hook/cmake_prefix_path.sh'
[0.372s] Level 1:colcon.colcon_core.environment:checking '/home/jerry/sim_ws/install/urdf_example/bin'
[0.372s] Level 1:colcon.colcon_core.environment:checking '/home/jerry/sim_ws/install/urdf_example/lib/pkgconfig/urdf_example.pc'
[0.372s] Level 1:colcon.colcon_core.environment:checking '/home/jerry/sim_ws/install/urdf_example/lib/python3.8/site-packages'
[0.372s] Level 1:colcon.colcon_core.environment:checking '/home/jerry/sim_ws/install/urdf_example/bin'
[0.372s] INFO:colcon.colcon_core.shell:Creating package script '/home/jerry/sim_ws/install/urdf_example/share/urdf_example/package.ps1'
[0.372s] INFO:colcon.colcon_core.shell:Creating package descriptor '/home/jerry/sim_ws/install/urdf_example/share/urdf_example/package.dsv'
[0.372s] INFO:colcon.colcon_core.shell:Creating package script '/home/jerry/sim_ws/install/urdf_example/share/urdf_example/package.sh'
[0.373s] INFO:colcon.colcon_core.shell:Creating package script '/home/jerry/sim_ws/install/urdf_example/share/urdf_example/package.bash'
[0.373s] INFO:colcon.colcon_core.shell:Creating package script '/home/jerry/sim_ws/install/urdf_example/share/urdf_example/package.zsh'
[0.373s] Level 1:colcon.colcon_core.environment:create_file_with_runtime_dependencies(/home/jerry/sim_ws/install/urdf_example/share/colcon-core/packages/urdf_example)
[0.373s] DEBUG:colcon.colcon_parallel_executor.executor.parallel:closing loop
[0.374s] DEBUG:colcon.colcon_parallel_executor.executor.parallel:loop closed
[0.374s] DEBUG:colcon.colcon_parallel_executor.executor.parallel:run_until_complete finished with '0'
[0.374s] DEBUG:colcon.colcon_core.event_reactor:joining thread
[0.377s] INFO:colcon.colcon_core.plugin_system:Skipping extension 'colcon_notification.desktop_notification.terminal_notifier': Not used on non-Darwin systems
[0.377s] INFO:colcon.colcon_core.plugin_system:Skipping extension 'colcon_notification.desktop_notification.win32': Not used on non-Windows systems
[0.377s] INFO:colcon.colcon_notification.desktop_notification:Sending desktop notification using 'notify2'
[0.389s] DEBUG:colcon.colcon_core.event_reactor:joined thread
[0.389s] INFO:colcon.colcon_core.shell:Creating prefix script '/home/jerry/sim_ws/install/local_setup.ps1'
[0.390s] INFO:colcon.colcon_core.shell:Creating prefix util module '/home/jerry/sim_ws/install/_local_setup_util_ps1.py'
[0.391s] INFO:colcon.colcon_core.shell:Creating prefix chain script '/home/jerry/sim_ws/install/setup.ps1'
[0.391s] INFO:colcon.colcon_core.shell:Creating prefix script '/home/jerry/sim_ws/install/local_setup.sh'
[0.392s] INFO:colcon.colcon_core.shell:Creating prefix util module '/home/jerry/sim_ws/install/_local_setup_util_sh.py'
[0.392s] INFO:colcon.colcon_core.shell:Creating prefix chain script '/home/jerry/sim_ws/install/setup.sh'
[0.393s] INFO:colcon.colcon_core.shell:Creating prefix script '/home/jerry/sim_ws/install/local_setup.bash'
[0.394s] INFO:colcon.colcon_core.shell:Creating prefix chain script '/home/jerry/sim_ws/install/setup.bash'
[0.394s] INFO:colcon.colcon_core.shell:Creating prefix script '/home/jerry/sim_ws/install/local_setup.zsh'
[0.394s] INFO:colcon.colcon_core.shell:Creating prefix chain script '/home/jerry/sim_ws/install/setup.zsh'
